2024-05-28 00:32:22 [scrapy.utils.log] INFO: Scrapy 2.11.2 started (bot: chocolatescraper)
2024-05-28 00:32:22 [scrapy.utils.log] INFO: Versions: lxml 5.2.2.0, libxml2 2.11.7, cssselect 1.2.0, parsel 1.9.1, w3lib 2.1.2, Twisted 24.3.0, Python 3.12.3 (tags/v3.12.3:f6650f9, Apr  9 2024, 14:05:25) [MSC v.1938 64 bit (AMD64)], pyOpenSSL 24.1.0 (OpenSSL 3.2.1 30 Jan 2024), cryptography 42.0.7, Platform Windows-11-10.0.22631-SP0
2024-05-28 00:32:22 [scrapy.addons] INFO: Enabled addons:
[]
2024-05-28 00:32:22 [asyncio] DEBUG: Using selector: SelectSelector
2024-05-28 00:32:22 [scrapy.utils.log] DEBUG: Using reactor: twisted.internet.asyncioreactor.AsyncioSelectorReactor
2024-05-28 00:32:22 [scrapy.utils.log] DEBUG: Using asyncio event loop: asyncio.windows_events._WindowsSelectorEventLoop
2024-05-28 00:32:22 [scrapy.extensions.telnet] INFO: Telnet Password: 6839e3127f7189bf
2024-05-28 00:32:22 [scrapy.middleware] INFO: Enabled extensions:
['scrapy.extensions.corestats.CoreStats',
 'scrapy.extensions.telnet.TelnetConsole',
 'scrapy.extensions.feedexport.FeedExporter',
 'scrapy.extensions.logstats.LogStats']
2024-05-28 00:32:22 [scrapy.crawler] INFO: Overridden settings:
{'BOT_NAME': 'chocolatescraper',
 'CONCURRENT_REQUESTS': 32,
 'FEED_EXPORT_ENCODING': 'utf-8',
 'LOG_FILE': 'logs/scrapy_log_20240528_003222.log',
 'NEWSPIDER_MODULE': 'chocolatescraper.spiders',
 'REQUEST_FINGERPRINTER_IMPLEMENTATION': '2.7',
 'SPIDER_MODULES': ['chocolatescraper.spiders'],
 'TWISTED_REACTOR': 'twisted.internet.asyncioreactor.AsyncioSelectorReactor'}
2024-05-28 00:32:23 [scrapy_user_agents.user_agent_picker] WARNING: [UnsupportedBrowserType] Family: Android
2024-05-28 00:32:23 [scrapy_user_agents.user_agent_picker] WARNING: [UnsupportedDeviceType] Family: Other, Brand: None, Model: None
2024-05-28 00:32:23 [scrapy_user_agents.user_agent_picker] WARNING: [UnsupportedDeviceType] Family: Other, Brand: None, Model: None
2024-05-28 00:32:23 [scrapy_user_agents.user_agent_picker] WARNING: [UnsupportedDeviceType] Family: Other, Brand: None, Model: None
2024-05-28 00:32:23 [scrapy_user_agents.user_agent_picker] WARNING: [UnsupportedDeviceType] Family: Sony BDV13, Brand: Sony, Model: BDV13
2024-05-28 00:32:23 [scrapy_user_agents.user_agent_picker] WARNING: [UnsupportedDeviceType] Family: Nintendo DSi, Brand: Nintendo, Model: DSi
2024-05-28 00:32:23 [scrapy_user_agents.user_agent_picker] WARNING: [UnsupportedDeviceType] Family: Other, Brand: None, Model: None
2024-05-28 00:32:23 [scrapy_user_agents.user_agent_picker] WARNING: [UnsupportedBrowserType] Family: Other
2024-05-28 00:32:23 [scrapy_user_agents.user_agent_picker] WARNING: [UnsupportedDeviceType] Family: LYF F90M, Brand: LYF, Model: F90M
2024-05-28 00:32:23 [scrapy_user_agents.user_agent_picker] WARNING: [UnsupportedDeviceType] Family: Sony BDV14, Brand: Sony, Model: BDV14
2024-05-28 00:32:23 [scrapy_user_agents.user_agent_picker] WARNING: [UnsupportedDeviceType] Family: LG Web0S SmartTV, Brand: LG, Model: Web0S SmartTV
2024-05-28 00:32:23 [scrapy_user_agents.user_agent_picker] WARNING: [UnsupportedDeviceType] Family: Other, Brand: None, Model: None
2024-05-28 00:32:23 [scrapy_user_agents.user_agent_picker] WARNING: [UnsupportedDeviceType] Family: Other, Brand: None, Model: None
2024-05-28 00:32:23 [scrapy_user_agents.user_agent_picker] WARNING: [UnsupportedDeviceType] Family: Other, Brand: None, Model: None
2024-05-28 00:32:23 [scrapy_user_agents.user_agent_picker] WARNING: [UnsupportedDeviceType] Family: Other, Brand: None, Model: None
2024-05-28 00:32:23 [scrapy_user_agents.user_agent_picker] WARNING: [UnsupportedDeviceType] Family: Other, Brand: None, Model: None
2024-05-28 00:32:23 [scrapy_user_agents.user_agent_picker] WARNING: [UnsupportedDeviceType] Family: Other, Brand: None, Model: None
2024-05-28 00:32:24 [scrapy_user_agents.user_agent_picker] WARNING: [UnsupportedDeviceType] Family: Other, Brand: None, Model: None
2024-05-28 00:32:24 [scrapy_user_agents.user_agent_picker] WARNING: [UnsupportedDeviceType] Family: Sony BDV11, Brand: Sony, Model: BDV11
2024-05-28 00:32:24 [scrapy_user_agents.user_agent_picker] WARNING: [UnsupportedDeviceType] Family: Other, Brand: None, Model: None
2024-05-28 00:32:24 [scrapy_user_agents.user_agent_picker] WARNING: [UnsupportedDeviceType] Family: Other, Brand: None, Model: None
2024-05-28 00:32:24 [scrapy_user_agents.user_agent_picker] WARNING: [UnsupportedDeviceType] Family: Other, Brand: None, Model: None
2024-05-28 00:32:24 [scrapy_user_agents.user_agent_picker] WARNING: [UnsupportedDeviceType] Family: Other, Brand: None, Model: None
2024-05-28 00:32:24 [scrapy_user_agents.user_agent_picker] WARNING: [UnsupportedDeviceType] Family: Nintendo DSi, Brand: Nintendo, Model: DSi
2024-05-28 00:32:24 [scrapy_user_agents.user_agent_picker] WARNING: [UnsupportedDeviceType] Family: LYF LF-2403N, Brand: LYF, Model: LF-2403N
2024-05-28 00:32:24 [scrapy_user_agents.user_agent_picker] WARNING: [UnsupportedDeviceType] Family: LYF F90M, Brand: LYF, Model: F90M
2024-05-28 00:32:24 [scrapy_user_agents.user_agent_picker] WARNING: [UnsupportedDeviceType] Family: Other, Brand: None, Model: None
2024-05-28 00:32:24 [scrapy_user_agents.user_agent_picker] WARNING: [UnsupportedDeviceType] Family: Other, Brand: None, Model: None
2024-05-28 00:32:24 [scrapy_user_agents.user_agent_picker] WARNING: [UnsupportedBrowserType] Family: Applebot
2024-05-28 00:32:24 [scrapy_user_agents.user_agent_picker] WARNING: [UnsupportedDeviceType] Family: Other, Brand: None, Model: None
2024-05-28 00:32:24 [scrapy_user_agents.user_agent_picker] WARNING: [UnsupportedBrowserType] Family: Applebot
2024-05-28 00:32:24 [scrapy_user_agents.user_agent_picker] WARNING: [UnsupportedBrowserType] Family: Other
2024-05-28 00:32:24 [scrapy_user_agents.user_agent_picker] WARNING: [UnsupportedBrowserType] Family: Other
2024-05-28 00:32:24 [scrapy_user_agents.user_agent_picker] WARNING: [UnsupportedBrowserType] Family: PhantomJS
2024-05-28 00:32:24 [scrapy_user_agents.user_agent_picker] WARNING: [UnsupportedBrowserType] Family: SMTBot
2024-05-28 00:32:24 [scrapy_user_agents.user_agent_picker] WARNING: [UnsupportedBrowserType] Family: PhantomJS
2024-05-28 00:32:24 [scrapy_user_agents.user_agent_picker] WARNING: [UnsupportedBrowserType] Family: PhantomJS
2024-05-28 00:32:24 [scrapy_user_agents.user_agent_picker] WARNING: [UnsupportedBrowserType] Family: WebKit Nightly
2024-05-28 00:32:24 [scrapy_user_agents.user_agent_picker] WARNING: [UnsupportedBrowserType] Family: PhantomJS
2024-05-28 00:32:24 [scrapy_user_agents.user_agent_picker] WARNING: [UnsupportedDeviceType] Family: Other, Brand: None, Model: None
2024-05-28 00:32:24 [scrapy_user_agents.user_agent_picker] WARNING: [UnsupportedBrowserType] Family: PhantomJS
2024-05-28 00:32:24 [scrapy_user_agents.user_agent_picker] WARNING: [UnsupportedBrowserType] Family: PhantomJS
2024-05-28 00:32:24 [scrapy_user_agents.user_agent_picker] WARNING: [UnsupportedBrowserType] Family: Robot
2024-05-28 00:32:24 [scrapy_user_agents.user_agent_picker] WARNING: [UnsupportedDeviceType] Family: Other, Brand: None, Model: None
2024-05-28 00:32:25 [scrapy_user_agents.user_agent_picker] WARNING: [UnsupportedBrowserType] Family: Zune
2024-05-28 00:32:25 [scrapy.middleware] INFO: Enabled downloader middlewares:
['scrapy.downloadermiddlewares.offsite.OffsiteMiddleware',
 'scrapy.downloadermiddlewares.httpauth.HttpAuthMiddleware',
 'scrapy.downloadermiddlewares.downloadtimeout.DownloadTimeoutMiddleware',
 'scrapy.downloadermiddlewares.defaultheaders.DefaultHeadersMiddleware',
 'scrapy_user_agents.middlewares.RandomUserAgentMiddleware',
 'scrapy.downloadermiddlewares.retry.RetryMiddleware',
 'scrapy.downloadermiddlewares.redirect.MetaRefreshMiddleware',
 'scrapy.downloadermiddlewares.httpcompression.HttpCompressionMiddleware',
 'scrapy.downloadermiddlewares.redirect.RedirectMiddleware',
 'scrapy.downloadermiddlewares.cookies.CookiesMiddleware',
 'scrapy.downloadermiddlewares.httpproxy.HttpProxyMiddleware',
 'scrapy.downloadermiddlewares.stats.DownloaderStats']
2024-05-28 00:32:25 [scrapy.middleware] INFO: Enabled spider middlewares:
['scrapy.spidermiddlewares.httperror.HttpErrorMiddleware',
 'scrapy.spidermiddlewares.referer.RefererMiddleware',
 'scrapy.spidermiddlewares.urllength.UrlLengthMiddleware',
 'scrapy.spidermiddlewares.depth.DepthMiddleware']
2024-05-28 00:32:25 [scrapy.middleware] INFO: Enabled item pipelines:
[]
2024-05-28 00:32:25 [scrapy.core.engine] INFO: Spider opened
2024-05-28 00:32:25 [scrapy.extensions.logstats] INFO: Crawled 0 pages (at 0 pages/min), scraped 0 items (at 0 items/min)
2024-05-28 00:32:25 [scrapy.extensions.telnet] INFO: Telnet console listening on 127.0.0.1:6023
2024-05-28 00:32:25 [newwalmart] INFO: Starting to scrape sitemap: https://www.walmart.com/sitemap_category.xml
2024-05-28 00:32:25 [scrapy_user_agents.middlewares] DEBUG: Assigned User-Agent Mozilla/5.0 (Windows NT 10.0; WOW64) AppleWebKit/537.36 (KHTML, like Gecko) Chrome/62.0.3202.94 Safari/537.36
2024-05-28 00:32:30 [scrapy.core.engine] DEBUG: Crawled (200) <GET https://proxy.scrapeops.io/v1/?api_key=021f52e4-c875-4349-a468-57feccd34b8c&url=https%3A%2F%2Fwww.walmart.com%2Fsitemap_category.xml> (referer: None)
2024-05-28 00:32:30 [newwalmart] INFO: Parsing sitemap: https://proxy.scrapeops.io/v1/?api_key=021f52e4-c875-4349-a468-57feccd34b8c&url=https%3A%2F%2Fwww.walmart.com%2Fsitemap_category.xml
2024-05-28 00:32:30 [twisted] CRITICAL: Unhandled error in Deferred:
2024-05-28 00:32:30 [twisted] CRITICAL: 
Traceback (most recent call last):
  File "C:\Users\pipuser\.virtualenvs\#scrapy-framework-jq4dOgTw\Lib\site-packages\twisted\internet\task.py", line 526, in _oneWorkUnit
    result = next(self._iterator)
  File "C:\Users\pipuser\.virtualenvs\#scrapy-framework-jq4dOgTw\Lib\site-packages\scrapy\utils\defer.py", line 102, in <genexpr>
    work = (callable(elem, *args, **named) for elem in iterable)
  File "C:\Users\pipuser\.virtualenvs\#scrapy-framework-jq4dOgTw\Lib\site-packages\scrapy\utils\defer.py", line 279, in iter_errback
    yield next(it)
  File "C:\Users\pipuser\.virtualenvs\#scrapy-framework-jq4dOgTw\Lib\site-packages\scrapy\utils\python.py", line 350, in __next__
    return next(self.data)
  File "C:\Users\pipuser\.virtualenvs\#scrapy-framework-jq4dOgTw\Lib\site-packages\scrapy\utils\python.py", line 350, in __next__
    return next(self.data)
  File "C:\Users\pipuser\.virtualenvs\#scrapy-framework-jq4dOgTw\Lib\site-packages\scrapy\core\spidermw.py", line 106, in process_sync
    for r in iterable:
  File "C:\Users\pipuser\.virtualenvs\#scrapy-framework-jq4dOgTw\Lib\site-packages\scrapy\spidermiddlewares\referer.py", line 352, in <genexpr>
    return (self._set_referer(r, response) for r in result or ())
  File "C:\Users\pipuser\.virtualenvs\#scrapy-framework-jq4dOgTw\Lib\site-packages\scrapy\core\spidermw.py", line 106, in process_sync
    for r in iterable:
  File "C:\Users\pipuser\.virtualenvs\#scrapy-framework-jq4dOgTw\Lib\site-packages\scrapy\spidermiddlewares\urllength.py", line 27, in <genexpr>
    return (r for r in result or () if self._filter(r, spider))
  File "C:\Users\pipuser\.virtualenvs\#scrapy-framework-jq4dOgTw\Lib\site-packages\scrapy\core\spidermw.py", line 106, in process_sync
    for r in iterable:
  File "C:\Users\pipuser\.virtualenvs\#scrapy-framework-jq4dOgTw\Lib\site-packages\scrapy\spidermiddlewares\depth.py", line 31, in <genexpr>
    return (r for r in result or () if self._filter(r, response, spider))
  File "C:\Users\pipuser\.virtualenvs\#scrapy-framework-jq4dOgTw\Lib\site-packages\scrapy\core\spidermw.py", line 106, in process_sync
    for r in iterable:
  File "D:\ALT N Work\Support Cases\#Py\#scrapy-framework\chocolatescraper\chocolatescraper\spiders\newwalmart.py", line 41, in parse_sitemap
    exit()
  File "<frozen _sitebuiltins>", line 26, in __call__
SystemExit: None
2024-05-28 00:32:30 [scrapy.core.engine] INFO: Closing spider (finished)
2024-05-28 00:32:30 [scrapy.extensions.feedexport] INFO: Stored csv feed (0 items) in: data/newwalmart_2024-05-27T19-02-25+00-00.csv
2024-05-28 00:32:30 [scrapy.statscollectors] INFO: Dumping Scrapy stats:
{'downloader/request_bytes': 398,
 'downloader/request_count': 1,
 'downloader/request_method_count/GET': 1,
 'downloader/response_bytes': 163674,
 'downloader/response_count': 1,
 'downloader/response_status_count/200': 1,
 'elapsed_time_seconds': 5.314961,
 'feedexport/success_count/FileFeedStorage': 1,
 'finish_reason': 'finished',
 'finish_time': datetime.datetime(2024, 5, 27, 19, 2, 30, 606235, tzinfo=datetime.timezone.utc),
 'httpcompression/response_bytes': 1118704,
 'httpcompression/response_count': 1,
 'log_count/CRITICAL': 2,
 'log_count/DEBUG': 5,
 'log_count/INFO': 13,
 'log_count/WARNING': 45,
 'response_received_count': 1,
 'scheduler/dequeued': 1,
 'scheduler/dequeued/memory': 1,
 'scheduler/enqueued': 1,
 'scheduler/enqueued/memory': 1,
 'start_time': datetime.datetime(2024, 5, 27, 19, 2, 25, 291274, tzinfo=datetime.timezone.utc)}
2024-05-28 00:32:30 [scrapy.core.engine] INFO: Spider closed (finished)
